[2026-08-17T08:00:00Z] portal worker started for run visual-baseline-run-running
[2026-08-17T08:00:03Z] A new study created with name: no-name
[2026-08-17T08:00:03Z] Trial 0 finished with value: 0.5123 and parameters: {...}
[2026-08-17T08:00:03Z] Trial 1 finished with value: 0.5123 and parameters: {...}
[2026-08-17T08:00:03Z] Trial 2 finished with value: 0.5123 and parameters: {...}
[2026-08-17T08:00:03Z] Trial 3 finished with value: 0.5123 and parameters: {...}
[2026-08-17T08:00:03Z] Trial 4 finished with value: 0.5123 and parameters: {...}
[2026-08-17T08:00:03Z] Trial 5 finished with value: 0.5123 and parameters: {...}
[2026-08-17T08:00:03Z] Trial 6 finished with value: 0.5123 and parameters: {...}
[2026-08-17T08:00:03Z] Trial 7 finished with value: 0.5123 and parameters: {...}
[2026-08-17T08:00:03Z] Trial 8 finished with value: 0.5123 and parameters: {...}
[2026-08-17T08:00:03Z] Trial 9 finished with value: 0.5123 and parameters: {...}
[2026-08-17T08:00:03Z] Trial 10 finished with value: 0.5123 and parameters: {...}
[2026-08-17T08:00:03Z] Trial 11 finished with value: 0.5123 and parameters: {...}
[2026-08-17T08:00:03Z] Trial 12 finished with value: 0.5123 and parameters: {...}
[2026-08-17T08:00:03Z] Trial 13 finished with value: 0.5123 and parameters: {...}
[2026-08-17T08:00:03Z] Trial 14 finished with value: 0.5123 and parameters: {...}
[2026-08-17T08:00:03Z] Trial 15 finished with value: 0.5123 and parameters: {...}
[2026-08-17T08:00:04Z] Best is trial 11 with value: 0.5123.
[2026-08-17T08:00:05Z] fold 8/20 completed
