[2026-08-17T08:00:00Z] portal worker started for run visual-baseline-run-running
[2026-08-17T08:00:00Z] protocol=advanced_walk_forward strategy=delta-rsi-polynomial-alpha
[2026-08-17T08:00:03Z] A new study created with name: no-name
[2026-08-17T08:00:03Z] Trial 0 finished with value: 0.5123 and parameters: {...}
[2026-08-17T08:00:03Z] Trial 1 finished with value: 0.5123 and parameters: {...}
[2026-08-17T08:00:03Z] Trial 2 finished with value: 0.5123 and parameters: {...}
[2026-08-17T08:00:03Z] Trial 3 finished with value: 0.5123 and parameters: {...}
[2026-08-17T08:00:03Z] Trial 4 finished with value: 0.5123 and parameters: {...}
[2026-08-17T08:00:03Z] Trial 5 finished with value: 0.5123 and parameters: {...}
[2026-08-17T08:00:03Z] Trial 6 finished with value: 0.5123 and parameters: {...}
[2026-08-17T08:00:03Z] Trial 7 finished with value: 0.5123 and parameters: {...}
[2026-08-17T08:00:03Z] Trial 8 finished with value: 0.5123 and parameters: {...}
[2026-08-17T08:00:03Z] Trial 9 finished with value: 0.5123 and parameters: {...}
[2026-08-17T08:00:03Z] Trial 10 finished with value: 0.5123 and parameters: {...}
[2026-08-17T08:00:03Z] Trial 11 finished with value: 0.5123 and parameters: {...}
[2026-08-17T08:00:03Z] Trial 12 finished with value: 0.5123 and parameters: {...}
[2026-08-17T08:00:03Z] Trial 13 finished with value: 0.5123 and parameters: {...}
[2026-08-17T08:00:03Z] Trial 14 finished with value: 0.5123 and parameters: {...}
[2026-08-17T08:00:03Z] Trial 15 finished with value: 0.5123 and parameters: {...}
[2026-08-17T08:00:03Z] Trial 16 finished with value: 0.5123 and parameters: {...}
[2026-08-17T08:00:03Z] Trial 17 finished with value: 0.5123 and parameters: {...}
[2026-08-17T08:00:03Z] Trial 18 finished with value: 0.5123 and parameters: {...}
[2026-08-17T08:00:03Z] Trial 19 finished with value: 0.5123 and parameters: {...}
[2026-08-17T08:00:03Z] Trial 20 finished with value: 0.5123 and parameters: {...}
[2026-08-17T08:00:03Z] Trial 21 finished with value: 0.5123 and parameters: {...}
[2026-08-17T08:00:03Z] Trial 22 finished with value: 0.5123 and parameters: {...}
[2026-08-17T08:00:03Z] Trial 23 finished with value: 0.5123 and parameters: {...}
[2026-08-17T08:00:03Z] Trial 24 finished with value: 0.5123 and parameters: {...}
[2026-08-17T08:00:03Z] Trial 25 finished with value: 0.5123 and parameters: {...}
[2026-08-17T08:00:03Z] Trial 26 finished with value: 0.5123 and parameters: {...}
[2026-08-17T08:00:03Z] Trial 27 finished with value: 0.5123 and parameters: {...}
[2026-08-17T08:00:03Z] Trial 28 finished with value: 0.5123 and parameters: {...}
[2026-08-17T08:00:03Z] Trial 29 finished with value: 0.5123 and parameters: {...}
[2026-08-17T08:00:03Z] Trial 30 finished with value: 0.5123 and parameters: {...}
[2026-08-17T08:00:03Z] Trial 31 finished with value: 0.5123 and parameters: {...}
[2026-08-17T08:00:04Z] Best is trial 31 with value: 0.5123.
[2026-08-17T08:00:00Z] run completed: status=COMPLETED
